<?xml version="1.0" encoding="UTF-8"?>
<!-- Generated by org.testng.reporters.JUnitReportReporter -->
<testsuite hostname="574351f79abe502" failures="0" tests="1" name="logs.ReporterLoggingTests" time="0.013" errors="0" timestamp="2025-07-26T09:05:28 IST" skipped="0">
  <testcase classname="logs.ReporterLoggingTests" name="testWithReporter" time="0.013">
    <system-out>
      <![CDATA[Starting testWithReporter
This message will appear in TestNG reports
INFO level message
WARN level message
ERROR level message]]>
    </system-out>
  </testcase> <!-- testWithReporter -->
  <system-out>
    <![CDATA[Starting testWithReporter
This message will appear in TestNG reports
INFO level message
WARN level message
ERROR level message]]>
  </system-out>
</testsuite> <!-- logs.ReporterLoggingTests -->
