<?xml version="1.0" encoding="UTF-8"?>
<!-- Generated by org.testng.reporters.JUnitReportReporter -->
<testsuite hostname="574351f79abe502" failures="0" tests="2" name="logs.Log4j2Tests" time="0.066" errors="0" timestamp="2025-07-26T09:14:12 IST" skipped="0">
  <testcase classname="logs.Log4j2Tests" name="testWithLog4j2" time="0.064"/>
  <testcase classname="logs.Log4j2Tests" name="testWithParameterizedLogging" time="0.002"/>
</testsuite> <!-- logs.Log4j2Tests -->
