<?xml version="1.0" encoding="UTF-8"?>
<!-- Generated by org.testng.reporters.JUnitReportReporter -->
<testsuite hostname="574351f79abe502" failures="0" tests="2" name="logs.Logging" time="0.013" errors="0" timestamp="2025-07-25T22:47:51 IST" skipped="0">
  <testcase classname="logs.Logging" name="testWithSystemAOut" time="0.011"/>
  <testcase classname="logs.Logging" name="testWithSystemErr" time="0.002"/>
</testsuite> <!-- logs.Logging -->
